--- 🚀 GENERATING SITE DATA v4 (With videoUrl index) ---
   Building summary CSV index...
   Building master CSV at site_api/master_sermons.csv...
   Wrote master CSV with 22607 rows
   Processing: Faith Tabernacle...
   Processing: Jericho Tabernacle...
   Processing: Inner Veil Ministries...
   Processing: Calgary Living Word Assembly...
   Processing: Evening Light Fellowship...
   Processing: Shekinah Tabernacle...
   Processing: Shalom Tabernacle Tucson...
   Processing: Literal Life Church...
   Processing: Full Gospel Lighthouse Tabernacle...
   Processing: Spoken Word Church...
   Processing: Good Shepherd Fellowship...
   Processing: Evening Light Tabernacle...
   Processing: Days of the Voice Fellowship...
   Processing: Word of Life Tabernacle...
   Processing: Believers Christian Fellowship...
   Processing: Bride of Christ Fellowship...
   Processing: New Life Outreach Church Of Pawnee...
   Processing: Cedar Hills - Church of the Cross...
   Processing: Spoken Word Tabernacle...
   Processing: Flagstaff Mission Tabernacle...
   Processing: Tucson Tabernacle...
   Processing: Headstone Tabernacle...
   Processing: True Word Tabernacle...
   Processing: Bethel Tabernacle...
   Processing: Believer's Spoken Word Tabernacle...
   Processing: Spirit Of Truth Assembly...
   Processing: Christian Life Tabernacle...
   Processing: End Time Message Tabernacle...
   Processing: Grace Tabernacle...
   Processing: Evening Light Tabernacle Elkton KY...
   Processing: Son Of Man Revealed Ministries...
   Processing: Harvest Time Bride Tabernacle...
   Processing: Word Of Life Church...

✅ GENERATION COMPLETE
